[2021-12-21] INFO: This script will patch Xilinx Tools for the Apache Log4j Vulnerability (CVE-2021-44228)
[2021-12-21] INFO: Script version 2.2 is targeted for Vivado and Vitis
[2021-12-21] INFO: Patching XiC
[2021-12-21] INFO: Delete: /tools/Xilinx/xic/lib/classes/log4j-1.2.15.jar
[2021-12-21] INFO: copying log4j_patch/log4j-api-2.16.0.jar  to /tools/Xilinx/xic/lib/classes/log4j-api-2.16.0.jar 
[2021-12-21] INFO: copying log4j_patch/log4j-core-2.16.0.jar  to /tools/Xilinx/xic/lib/classes/log4j-core-2.16.0.jar 
[2021-12-21] INFO: copying log4j_patch/log4j-1.2-api-2.16.0.jar  to /tools/Xilinx/xic/lib/classes/log4j-1.2-api-2.16.0.jar 
[2021-12-21] INFO: Delete: /tools/Xilinx/.xinstall/DocNav/bin/setup-boot-loader.sh
[2021-12-21] INFO: copying log4j_patch/setup-boot-loader-2020.1.sh  to /tools/Xilinx/.xinstall/DocNav/bin/setup-boot-loader.sh 
[2021-12-21] INFO: Delete: /tools/Xilinx/.xinstall/DocNav/lib/classes/log4j-1.2.15.jar
[2021-12-21] INFO: copying log4j_patch/log4j-api-2.16.0.jar  to /tools/Xilinx/.xinstall/DocNav/lib/classes/log4j-api-2.16.0.jar 
[2021-12-21] INFO: copying log4j_patch/log4j-core-2.16.0.jar  to /tools/Xilinx/.xinstall/DocNav/lib/classes/log4j-core-2.16.0.jar 
[2021-12-21] INFO: copying log4j_patch/log4j-1.2-api-2.16.0.jar  to /tools/Xilinx/.xinstall/DocNav/lib/classes/log4j-1.2-api-2.16.0.jar 
[2021-12-21] INFO: Delete: /tools/Xilinx/.xinstall/DocNav/lib/classes/xinstaller.jar
[2021-12-21] INFO: copying /tools/Xilinx/log4j_patch/xinstaller-2020.1.jar  to /tools/Xilinx/.xinstall/DocNav/lib/classes/xinstaller.jar 
[2021-12-21] INFO: Delete: /tools/Xilinx/.xinstall/xic/bin/setup-boot-loader.sh
[2021-12-21] INFO: copying log4j_patch/setup-boot-loader-2020.1.sh  to /tools/Xilinx/.xinstall/xic/bin/setup-boot-loader.sh 
[2021-12-21] INFO: Delete: /tools/Xilinx/.xinstall/xic/lib/classes/log4j-1.2.15.jar
[2021-12-21] INFO: copying log4j_patch/log4j-api-2.16.0.jar  to /tools/Xilinx/.xinstall/xic/lib/classes/log4j-api-2.16.0.jar 
[2021-12-21] INFO: copying log4j_patch/log4j-core-2.16.0.jar  to /tools/Xilinx/.xinstall/xic/lib/classes/log4j-core-2.16.0.jar 
[2021-12-21] INFO: copying log4j_patch/log4j-1.2-api-2.16.0.jar  to /tools/Xilinx/.xinstall/xic/lib/classes/log4j-1.2-api-2.16.0.jar 
[2021-12-21] INFO: Delete: /tools/Xilinx/.xinstall/xic/lib/classes/xinstaller.jar
[2021-12-21] INFO: copying /tools/Xilinx/log4j_patch/xinstaller-2020.1.jar  to /tools/Xilinx/.xinstall/xic/lib/classes/xinstaller.jar 
[2021-12-21] INFO: Delete: /tools/Xilinx/.xinstall/Vitis_2020.1/bin/setup-boot-loader.sh
[2021-12-21] INFO: copying log4j_patch/setup-boot-loader-2020.1.sh  to /tools/Xilinx/.xinstall/Vitis_2020.1/bin/setup-boot-loader.sh 
[2021-12-21] INFO: Delete: /tools/Xilinx/.xinstall/Vitis_2020.1/lib/classes/log4j-1.2.15.jar
[2021-12-21] INFO: copying log4j_patch/log4j-api-2.16.0.jar  to /tools/Xilinx/.xinstall/Vitis_2020.1/lib/classes/log4j-api-2.16.0.jar 
[2021-12-21] INFO: copying log4j_patch/log4j-core-2.16.0.jar  to /tools/Xilinx/.xinstall/Vitis_2020.1/lib/classes/log4j-core-2.16.0.jar 
[2021-12-21] INFO: copying log4j_patch/log4j-1.2-api-2.16.0.jar  to /tools/Xilinx/.xinstall/Vitis_2020.1/lib/classes/log4j-1.2-api-2.16.0.jar 
[2021-12-21] INFO: Delete: /tools/Xilinx/.xinstall/Vitis_2020.1/lib/classes/xinstaller.jar
[2021-12-21] INFO: copying /tools/Xilinx/log4j_patch/xinstaller-2020.1.jar  to /tools/Xilinx/.xinstall/Vitis_2020.1/lib/classes/xinstaller.jar 
[2021-12-21] INFO: Nothing to do for: 2020.1 Vitis
[2021-12-21] INFO: Nothing to do for: 2020.1 Vitis
[2021-12-21] INFO: Nothing to do for: 2020.1 Vitis
[2021-12-21] INFO: Nothing to do for: 2020.1 Vitis
[2021-12-21] INFO: Delete: /tools/Xilinx/Vivado/2020.1/lib/classes/org.apache.log4j_1.2.15.v201012070815.jar
[2021-12-21] INFO: copying log4j_patch/log4j-api-2.16.0.jar  to /tools/Xilinx/Vivado/2020.1/lib/classes/log4j-api-2.16.0.jar 
[2021-12-21] INFO: Delete: /tools/Xilinx/Vivado/2020.1/lib/sigasi/org.apache.log4j_1.2.15.v201012070815.jar
[2021-12-21] INFO: copying log4j_patch/log4j-api-2.16.0.jar  to /tools/Xilinx/Vivado/2020.1/lib/sigasi/log4j-api-2.16.0.jar 
[2021-12-21] INFO: copying log4j_patch/log4j-1.2-api-2.16.0.jar  to /tools/Xilinx/Vivado/2020.1/lib/classes/log4j-1.2-api-2.16.0.jar 
[2021-12-21] INFO: copying log4j_patch/log4j-core-2.16.0.jar  to /tools/Xilinx/Vivado/2020.1/lib/classes/log4j-core-2.16.0.jar 
[2021-12-21] INFO: copying log4j_patch/log4j-1.2-api-2.16.0.jar  to /tools/Xilinx/Vivado/2020.1/lib/sigasi/log4j-1.2-api-2.16.0.jar 
[2021-12-21] INFO: copying log4j_patch/log4j-core-2.16.0.jar  to /tools/Xilinx/Vivado/2020.1/lib/sigasi/log4j-core-2.16.0.jar 
[2021-12-21] INFO: xlnx_plat is lnx64
[2021-12-21] INFO: Delete: /tools/Xilinx/Vivado/2020.1/lnx64/tools/eclipse/plugins/org.apache.ant_1.10.1.v20170504-0840/lib/ant-apache-log4j.jar
[2021-12-21] INFO: Delete: /tools/Xilinx/Vivado/2020.1/lnx64/tools/eclipse/plugins/org.apache.log4j_1.2.15.v201012070815.jar
[2021-12-21] INFO: Delete: /tools/Xilinx/Vivado/2020.1/lnx64/tools/eclipse/plugins/org.slf4j.impl.log4j12_1.7.2.v20131105-2200.jar
[2021-12-21] INFO: Delete: /tools/Xilinx/.xinstall/Vivado_2019.2/bin/setup-boot-loader.sh
[2021-12-21] INFO: copying log4j_patch/setup-boot-loader-2019.2.sh  to /tools/Xilinx/.xinstall/Vivado_2019.2/bin/setup-boot-loader.sh 
[2021-12-21] INFO: Delete: /tools/Xilinx/.xinstall/Vivado_2019.2/lib/classes/log4j-1.2.15.jar
[2021-12-21] INFO: copying log4j_patch/log4j-api-2.16.0.jar  to /tools/Xilinx/.xinstall/Vivado_2019.2/lib/classes/log4j-api-2.16.0.jar 
[2021-12-21] INFO: copying log4j_patch/log4j-core-2.16.0.jar  to /tools/Xilinx/.xinstall/Vivado_2019.2/lib/classes/log4j-core-2.16.0.jar 
[2021-12-21] INFO: copying log4j_patch/log4j-1.2-api-2.16.0.jar  to /tools/Xilinx/.xinstall/Vivado_2019.2/lib/classes/log4j-1.2-api-2.16.0.jar 
[2021-12-21] INFO: Delete: /tools/Xilinx/.xinstall/Vivado_2019.2/lib/classes/xinstaller.jar
[2021-12-21] INFO: copying /tools/Xilinx/log4j_patch/xinstaller-2019.2.jar  to /tools/Xilinx/.xinstall/Vivado_2019.2/lib/classes/xinstaller.jar 
[2021-12-21] INFO: Delete: /tools/Xilinx/.xinstall/DocNav/bin/setup-boot-loader.sh
[2021-12-21] INFO: copying log4j_patch/setup-boot-loader-2019.2.sh  to /tools/Xilinx/.xinstall/DocNav/bin/setup-boot-loader.sh 
[2021-12-21] INFO: /tools/Xilinx/.xinstall/DocNav/lib/classes/log4j-1.2.15.jar does not exists, ignoring!
[2021-12-21] INFO: copying log4j_patch/log4j-api-2.16.0.jar  to /tools/Xilinx/.xinstall/DocNav/lib/classes/log4j-api-2.16.0.jar 
[2021-12-21] INFO: /tools/Xilinx/.xinstall/DocNav/lib/classes/log4j-core-2.16.0.jar exists, ignoring
[2021-12-21] INFO: /tools/Xilinx/.xinstall/DocNav/lib/classes/log4j-1.2-api-2.16.0.jar exists, ignoring
[2021-12-21] INFO: Delete: /tools/Xilinx/.xinstall/DocNav/lib/classes/xinstaller.jar
[2021-12-21] INFO: copying /tools/Xilinx/log4j_patch/xinstaller-2019.2.jar  to /tools/Xilinx/.xinstall/DocNav/lib/classes/xinstaller.jar 
[2021-12-21] INFO: Delete: /tools/Xilinx/.xinstall/xic/bin/setup-boot-loader.sh
[2021-12-21] INFO: copying log4j_patch/setup-boot-loader-2019.2.sh  to /tools/Xilinx/.xinstall/xic/bin/setup-boot-loader.sh 
[2021-12-21] INFO: /tools/Xilinx/.xinstall/xic/lib/classes/log4j-1.2.15.jar does not exists, ignoring!
[2021-12-21] INFO: copying log4j_patch/log4j-api-2.16.0.jar  to /tools/Xilinx/.xinstall/xic/lib/classes/log4j-api-2.16.0.jar 
[2021-12-21] INFO: /tools/Xilinx/.xinstall/xic/lib/classes/log4j-core-2.16.0.jar exists, ignoring
[2021-12-21] INFO: /tools/Xilinx/.xinstall/xic/lib/classes/log4j-1.2-api-2.16.0.jar exists, ignoring
[2021-12-21] INFO: Delete: /tools/Xilinx/.xinstall/xic/lib/classes/xinstaller.jar
[2021-12-21] INFO: copying /tools/Xilinx/log4j_patch/xinstaller-2019.2.jar  to /tools/Xilinx/.xinstall/xic/lib/classes/xinstaller.jar 
[2021-12-21] INFO: Delete: /tools/Xilinx/Vivado/2019.2/lib/classes/org.apache.log4j_1.2.15.v201012070815.jar
[2021-12-21] INFO: copying log4j_patch/log4j-api-2.16.0.jar  to /tools/Xilinx/Vivado/2019.2/lib/classes/log4j-api-2.16.0.jar 
[2021-12-21] INFO: Delete: /tools/Xilinx/Vivado/2019.2/lib/sigasi/org.apache.log4j_1.2.15.v201012070815.jar
[2021-12-21] INFO: copying log4j_patch/log4j-api-2.16.0.jar  to /tools/Xilinx/Vivado/2019.2/lib/sigasi/log4j-api-2.16.0.jar 
[2021-12-21] INFO: copying log4j_patch/log4j-1.2-api-2.16.0.jar  to /tools/Xilinx/Vivado/2019.2/lib/classes/log4j-1.2-api-2.16.0.jar 
[2021-12-21] INFO: copying log4j_patch/log4j-core-2.16.0.jar  to /tools/Xilinx/Vivado/2019.2/lib/classes/log4j-core-2.16.0.jar 
[2021-12-21] INFO: copying log4j_patch/log4j-1.2-api-2.16.0.jar  to /tools/Xilinx/Vivado/2019.2/lib/sigasi/log4j-1.2-api-2.16.0.jar 
[2021-12-21] INFO: copying log4j_patch/log4j-core-2.16.0.jar  to /tools/Xilinx/Vivado/2019.2/lib/sigasi/log4j-core-2.16.0.jar 
[2021-12-21] INFO: xlnx_plat is lnx64
[2021-12-21] INFO: Delete: /tools/Xilinx/Vivado/2019.2/lnx64/tools/eclipse/plugins/org.apache.ant_1.10.1.v20170504-0840/lib/ant-apache-log4j.jar
[2021-12-21] INFO: Delete: /tools/Xilinx/Vivado/2019.2/lnx64/tools/eclipse/plugins/org.apache.log4j_1.2.15.v201012070815.jar
[2021-12-21] INFO: Delete: /tools/Xilinx/Vivado/2019.2/lnx64/tools/eclipse/plugins/org.slf4j.impl.log4j12_1.7.2.v20131105-2200.jar
[2021-12-21] INFO: AR76957 patch has been successfully applied.
[2021-12-21] INFO: For Vitis, user need to launch the tool using command 'vitis -eclipseargs -clean' during first time invocation
